<?xml version="1.0" encoding="UTF-8"?>
<!-- Generated by org.testng.reporters.JUnitReportReporter -->
<testsuite skipped="0" hostname="LAPTOP-EL48BSP3" name="com.dreamorbit.scripts.JsonDownloadValidSkey" tests="1" failures="0" timestamp="09 Nov 2019 12:07:47 GMT" time="27.550" errors="0">
  <testcase name="jsonDownloadCheck" time="27.550" classname="com.dreamorbit.scripts.JsonDownloadValidSkey"/>
</testsuite> <!-- com.dreamorbit.scripts.JsonDownloadValidSkey -->
