<?xml version="1.0" encoding="UTF-8"?>
<!-- Generated by org.testng.reporters.JUnitReportReporter -->
<testsuite skipped="1" hostname="dosysnet071" name="com.dreamorbit.scripts.TestNotification" tests="2" failures="0" timestamp="2019-11-25T17:01:33 IST" time="54.960" errors="0">
  <testcase name="setNotificationDaily" time="54.960" classname="com.dreamorbit.scripts.TestNotification"/>
  <testcase name="setNotificationWeekly" classname="com.dreamorbit.scripts.TestNotification">
    <skipped/>
  </testcase> <!-- setNotificationWeekly -->
</testsuite> <!-- com.dreamorbit.scripts.TestNotification -->
