<?xml version="1.0" encoding="UTF-8"?>
<!-- Generated by org.testng.reporters.JUnitReportReporter -->
<testsuite skipped="0" hostname="dosysnet071" name="com.dreamorbit.scripts.PersonalInfoDecrypt" tests="1" failures="0" timestamp="2019-12-05T19:50:16 IST" time="34.663" errors="0">
  <testcase name="TestpersonalInfoDecrypt" time="34.663" classname="com.dreamorbit.scripts.PersonalInfoDecrypt"/>
</testsuite> <!-- com.dreamorbit.scripts.PersonalInfoDecrypt -->
