<?xml version="1.0" encoding="UTF-8"?>
<!-- Generated by org.testng.reporters.JUnitReportReporter -->
<testsuite skipped="0" hostname="dosysnet071" name="com.dreamorbit.scripts.TestInvalidLogin" tests="1" failures="0" timestamp="2019-11-04T19:23:25 IST" time="33.875" errors="0">
  <testcase name="testInvalidlogin" time="33.875" classname="com.dreamorbit.scripts.TestInvalidLogin"/>
</testsuite> <!-- com.dreamorbit.scripts.TestInvalidLogin -->
