<?xml version="1.0" encoding="UTF-8"?>
<!-- Generated by org.testng.reporters.JUnitReportReporter -->
<testsuite skipped="0" hostname="dosysnet071" name="com.dreamorbit.scripts.TestValidLogin" tests="1" failures="0" timestamp="2019-11-01T16:39:00 IST" time="10.625" errors="0">
  <testcase name="testValidlogin" time="10.625" classname="com.dreamorbit.scripts.TestValidLogin"/>
</testsuite> <!-- com.dreamorbit.scripts.TestValidLogin -->
