<?xml version="1.0" encoding="UTF-8"?>
<!-- Generated by org.testng.reporters.JUnitReportReporter -->
<testsuite skipped="0" hostname="dosysnet071" name="com.dreamorbit.scripts.JsonDownloadCheck" tests="1" failures="0" timestamp="2019-11-04T13:00:35 IST" time="26.860" errors="0">
  <testcase name="jsonDownloadCheck" time="26.860" classname="com.dreamorbit.scripts.JsonDownloadCheck"/>
</testsuite> <!-- com.dreamorbit.scripts.JsonDownloadCheck -->
