<?xml version="1.0" encoding="UTF-8"?>
<!-- Generated by org.testng.reporters.JUnitReportReporter -->
<testsuite skipped="0" hostname="dosysnet071" name="com.dreamorbit.scripts.Reader" tests="1" failures="0" timestamp="2020-02-03T16:57:52 IST" time="44.969" errors="0">
  <testcase name="readingJSON" time="44.969" classname="com.dreamorbit.scripts.Reader"/>
</testsuite> <!-- com.dreamorbit.scripts.Reader -->
