<?xml version="1.0" encoding="UTF-8"?>
<!-- Generated by org.testng.reporters.JUnitReportReporter -->
<testsuite skipped="0" hostname="dosysnet071" name="com.dreamorbit.scripts.NavigationCheckOnDrawerOptions" tests="1" failures="0" timestamp="2019-12-05T19:50:16 IST" time="110.719" errors="0">
  <testcase name="navigationFlowCheck" time="110.719" classname="com.dreamorbit.scripts.NavigationCheckOnDrawerOptions"/>
</testsuite> <!-- com.dreamorbit.scripts.NavigationCheckOnDrawerOptions -->
