<?xml version="1.0" encoding="UTF-8"?>
<!-- Generated by org.testng.reporters.JUnitReportReporter -->
<testsuite skipped="0" hostname="LAPTOP-EL48BSP3" name="com.dreamorbit.scripts.TestValidLogin" tests="1" failures="0" timestamp="09 Nov 2019 12:07:47 GMT" time="16.737" errors="0">
  <testcase name="testValidlogin" time="16.737" classname="com.dreamorbit.scripts.TestValidLogin"/>
</testsuite> <!-- com.dreamorbit.scripts.TestValidLogin -->
