<?xml version="1.0" encoding="UTF-8"?>
<!-- Generated by org.testng.reporters.JUnitReportReporter -->
<testsuite skipped="0" hostname="dosysnet071" name="com.dreamorbit.scripts.InvalidLoginTest" tests="1" failures="0" timestamp="2020-02-10T15:50:52 IST" time="33.691" errors="0">
  <testcase name="testInvalidlogin" time="33.691" classname="com.dreamorbit.scripts.InvalidLoginTest"/>
</testsuite> <!-- com.dreamorbit.scripts.InvalidLoginTest -->
