<?xml version="1.0" encoding="UTF-8"?>
<!-- Generated by org.testng.reporters.JUnitReportReporter -->
<testsuite skipped="0" hostname="dosysnet071" name="com.dreamorbit.scripts.TestAuditRessearcher" tests="1" failures="0" timestamp="2019-12-05T19:50:16 IST" time="53.842" errors="0">
  <testcase name="auditRessearcherVerification" time="53.842" classname="com.dreamorbit.scripts.TestAuditRessearcher"/>
</testsuite> <!-- com.dreamorbit.scripts.TestAuditRessearcher -->
