<?xml version="1.0" encoding="UTF-8"?>
<!-- Generated by org.testng.reporters.JUnitReportReporter -->
<testsuite skipped="0" hostname="dosysnet071" name="com.dreamorbit.scripts.TestResetPasswordValid" tests="1" failures="0" timestamp="2020-02-03T16:57:52 IST" time="25.108" errors="0">
  <testcase name="rstpwdVerification" time="25.108" classname="com.dreamorbit.scripts.TestResetPasswordValid"/>
</testsuite> <!-- com.dreamorbit.scripts.TestResetPasswordValid -->
