<?xml version="1.0" encoding="UTF-8"?>
<!-- Generated by org.testng.reporters.JUnitReportReporter -->
<testsuite skipped="0" hostname="dosysnet071" name="com.dreamorbit.scripts.TestStar" tests="1" failures="0" timestamp="2019-11-27T17:29:56 IST" time="69.702" errors="0">
  <testcase name="ratingAvgCheck" time="69.702" classname="com.dreamorbit.scripts.TestStar"/>
</testsuite> <!-- com.dreamorbit.scripts.TestStar -->
