<?xml version="1.0" encoding="UTF-8"?>
<!-- Generated by org.testng.reporters.JUnitReportReporter -->
<testsuite skipped="0" hostname="dosysnet071" name="com.dreamorbit.scripts.NavigationCheckOnDrawerOptions" tests="1" failures="0" timestamp="2020-02-03T16:57:52 IST" time="53.171" errors="0">
  <testcase name="navigationFlowCheck" time="53.171" classname="com.dreamorbit.scripts.NavigationCheckOnDrawerOptions"/>
</testsuite> <!-- com.dreamorbit.scripts.NavigationCheckOnDrawerOptions -->
