<?xml version="1.0" encoding="UTF-8"?>
<!-- Generated by org.testng.reporters.JUnitReportReporter -->
<testsuite skipped="0" hostname="dosysnet071" name="com.dreamorbit.scripts.AddResearcherCheck" tests="2" failures="0" timestamp="2019-12-05T19:50:16 IST" time="65.506" errors="0">
  <testcase name="AddResearcherCheckValid" time="29.069" classname="com.dreamorbit.scripts.AddResearcherCheck"/>
  <testcase name="AddResearcherCheckInValid" time="36.437" classname="com.dreamorbit.scripts.AddResearcherCheck"/>
</testsuite> <!-- com.dreamorbit.scripts.AddResearcherCheck -->
