<?xml version="1.0" encoding="UTF-8"?>
<!-- Generated by org.testng.reporters.JUnitReportReporter -->
<testsuite skipped="0" hostname="dosysnet071" name="com.dreamorbit.scripts.PersonalInfoDecrypt" tests="1" failures="0" timestamp="2020-02-03T16:57:52 IST" time="40.059" errors="0">
  <testcase name="TestpersonalInfoDecrypt" time="40.059" classname="com.dreamorbit.scripts.PersonalInfoDecrypt"/>
</testsuite> <!-- com.dreamorbit.scripts.PersonalInfoDecrypt -->
