<?xml version="1.0" encoding="UTF-8"?>
<!-- Generated by org.testng.reporters.JUnitReportReporter -->
<testsuite skipped="0" hostname="dosysnet071" name="com.dreamorbit.scripts.TestNotification" tests="2" failures="0" timestamp="2019-11-21T19:23:16 IST" time="106.066" errors="0">
  <testcase name="setNotificationDaily" time="54.171" classname="com.dreamorbit.scripts.TestNotification"/>
  <testcase name="setNotificationWeekly" time="51.895" classname="com.dreamorbit.scripts.TestNotification"/>
</testsuite> <!-- com.dreamorbit.scripts.TestNotification -->
