<?xml version="1.0" encoding="UTF-8"?>
<!-- Generated by org.testng.reporters.JUnitReportReporter -->
<testsuite skipped="0" hostname="LAPTOP-EL48BSP3" name="com.dreamorbit.scripts.TestNotification" tests="1" failures="0" timestamp="18 Nov 2019 18:46:51 GMT" time="51.453" errors="0">
  <testcase name="setNotification" time="51.453" classname="com.dreamorbit.scripts.TestNotification"/>
</testsuite> <!-- com.dreamorbit.scripts.TestNotification -->
