<?xml version="1.0" encoding="UTF-8"?>
<!-- Generated by org.testng.reporters.JUnitReportReporter -->
<testsuite skipped="0" hostname="dosysnet071" name="com.dreamorbit.scripts.DecryptParticipantsVerification" tests="1" failures="0" timestamp="2019-11-14T18:14:32 IST" time="19.781" errors="0">
  <testcase name="testDecryptParticipants" time="19.781" classname="com.dreamorbit.scripts.DecryptParticipantsVerification"/>
</testsuite> <!-- com.dreamorbit.scripts.DecryptParticipantsVerification -->
