<?xml version="1.0" encoding="UTF-8"?>
<!-- Generated by org.testng.reporters.JUnitReportReporter -->
<testsuite skipped="0" hostname="dosysnet071" name="com.dreamorbit.scripts.AddResearcherCheck" tests="2" failures="0" timestamp="2020-02-03T16:57:52 IST" time="66.499" errors="0">
  <testcase name="AddResearcherCheckValid" time="28.994" classname="com.dreamorbit.scripts.AddResearcherCheck"/>
  <testcase name="AddResearcherCheckInValid" time="37.505" classname="com.dreamorbit.scripts.AddResearcherCheck"/>
</testsuite> <!-- com.dreamorbit.scripts.AddResearcherCheck -->
