<?xml version="1.0" encoding="UTF-8"?>
<!-- Generated by org.testng.reporters.JUnitReportReporter -->
<testsuite skipped="1" hostname="dosysnet071" name="com.dreamorbit.scripts.AddResearcherCheck" tests="2" failures="0" timestamp="2019-11-12T16:47:55 IST" time="31.043" errors="0">
  <testcase name="AddResearcherCheckValid" time="31.043" classname="com.dreamorbit.scripts.AddResearcherCheck"/>
  <testcase name="AddResearcherCheckInValid" classname="com.dreamorbit.scripts.AddResearcherCheck">
    <skipped/>
  </testcase> <!-- AddResearcherCheckInValid -->
</testsuite> <!-- com.dreamorbit.scripts.AddResearcherCheck -->
