<?xml version="1.0" encoding="UTF-8"?>
<!-- Generated by org.testng.reporters.JUnitReportReporter -->
<testsuite skipped="0" hostname="dosysnet071" name="com.dreamorbit.scripts.NavigationCheckUploadsLink" tests="1" failures="0" timestamp="2019-11-14T18:14:32 IST" time="24.773" errors="0">
  <testcase name="jsonDownloadCheck" time="24.773" classname="com.dreamorbit.scripts.NavigationCheckUploadsLink"/>
</testsuite> <!-- com.dreamorbit.scripts.NavigationCheckUploadsLink -->
