<?xml version="1.0" encoding="UTF-8"?>
<!-- Generated by org.testng.reporters.JUnitReportReporter -->
<testsuite skipped="0" hostname="dosysnet071" name="com.dreamorbit.scripts.TestSearchResearcher" tests="1" failures="0" timestamp="2019-11-14T18:14:32 IST" time="69.962" errors="0">
  <testcase name="searchResearcherValid" time="69.962" classname="com.dreamorbit.scripts.TestSearchResearcher"/>
</testsuite> <!-- com.dreamorbit.scripts.TestSearchResearcher -->
