<?xml version="1.0" encoding="UTF-8"?>
<!-- Generated by org.testng.reporters.JUnitReportReporter -->
<testsuite skipped="0" hostname="dosysnet071" name="com.dreamorbit.scripts.Reader" tests="1" failures="0" timestamp="2019-12-19T16:59:58 IST" time="29.212" errors="0">
  <testcase name="readingJSON" time="29.212" classname="com.dreamorbit.scripts.Reader"/>
</testsuite> <!-- com.dreamorbit.scripts.Reader -->
