<?xml version="1.0" encoding="UTF-8"?>
<!-- Generated by org.testng.reporters.JUnitReportReporter -->
<testsuite skipped="0" hostname="dosysnet071" name="com.dreamorbit.scripts.ResetPasswordValidTest" tests="1" failures="0" timestamp="2020-02-10T15:50:51 IST" time="24.810" errors="0">
  <testcase name="rstpwdVerification" time="24.810" classname="com.dreamorbit.scripts.ResetPasswordValidTest"/>
</testsuite> <!-- com.dreamorbit.scripts.ResetPasswordValidTest -->
