<?xml version="1.0" encoding="UTF-8"?>
<!-- Generated by org.testng.reporters.JUnitReportReporter -->
<testsuite skipped="0" hostname="dosysnet071" name="com.dreamorbit.scripts.JsonDownloadInvalidSkey" tests="2" failures="0" timestamp="2019-12-05T19:50:16 IST" time="67.840" errors="0">
  <testcase name="jsonDownloadInvalidSkey" time="30.305" classname="com.dreamorbit.scripts.JsonDownloadInvalidSkey"/>
  <testcase name="jsonDownloadIncorrectSkey" time="37.535" classname="com.dreamorbit.scripts.JsonDownloadInvalidSkey"/>
</testsuite> <!-- com.dreamorbit.scripts.JsonDownloadInvalidSkey -->
