<?xml version="1.0" encoding="UTF-8"?>
<!-- Generated by org.testng.reporters.JUnitReportReporter -->
<testsuite skipped="1" hostname="dosysnet071" name="com.dreamorbit.scripts.AddResearcherCheck" tests="2" failures="0" timestamp="2019-11-15T19:04:39 IST" time="39.358" errors="0">
  <testcase name="AddResearcherCheckInValid" time="39.358" classname="com.dreamorbit.scripts.AddResearcherCheck"/>
  <testcase name="AddResearcherCheckValid" classname="com.dreamorbit.scripts.AddResearcherCheck">
    <skipped/>
  </testcase> <!-- AddResearcherCheckValid -->
</testsuite> <!-- com.dreamorbit.scripts.AddResearcherCheck -->
