<?xml version="1.0" encoding="UTF-8"?>
<!-- Generated by org.testng.reporters.JUnitReportReporter -->
<testsuite skipped="0" hostname="dosysnet071" name="com.dreamorbit.scripts.TestNotification" tests="1" failures="0" timestamp="2019-11-25T20:35:50 IST" time="88.098" errors="0">
  <testcase name="setNotificationDaily" time="88.098" classname="com.dreamorbit.scripts.TestNotification"/>
</testsuite> <!-- com.dreamorbit.scripts.TestNotification -->
