<?xml version="1.0" encoding="UTF-8"?>
<!-- Generated by org.testng.reporters.JUnitReportReporter -->
<testsuite skipped="0" hostname="dosysnet071" name="com.dreamorbit.scripts.TestResetPasswordValid" tests="1" failures="0" timestamp="2019-12-05T19:50:16 IST" time="24.666" errors="0">
  <testcase name="rstpwdVerification" time="24.666" classname="com.dreamorbit.scripts.TestResetPasswordValid"/>
</testsuite> <!-- com.dreamorbit.scripts.TestResetPasswordValid -->
