<?xml version="1.0" encoding="UTF-8"?>
<!-- Generated by org.testng.reporters.JUnitReportReporter -->
<testsuite skipped="0" hostname="dosysnet071" name="com.dreamorbit.scripts.JsonDownloadInvalidSkeyTest" tests="2" failures="0" timestamp="2020-02-10T15:50:51 IST" time="67.802" errors="0">
  <testcase name="jsonDownloadInvalidSkey" time="26.448" classname="com.dreamorbit.scripts.JsonDownloadInvalidSkeyTest"/>
  <testcase name="jsonDownloadIncorrectSkey" time="41.354" classname="com.dreamorbit.scripts.JsonDownloadInvalidSkeyTest"/>
</testsuite> <!-- com.dreamorbit.scripts.JsonDownloadInvalidSkeyTest -->
