<?xml version="1.0" encoding="UTF-8"?>
<!-- Generated by org.testng.reporters.JUnitReportReporter -->
<testsuite skipped="0" hostname="dosysnet071" name="com.dreamorbit.scripts.NavigationOnDrawerOptionsTest" tests="1" failures="0" timestamp="2020-02-10T15:50:52 IST" time="45.784" errors="0">
  <testcase name="navigationFlowCheck" time="45.784" classname="com.dreamorbit.scripts.NavigationOnDrawerOptionsTest"/>
</testsuite> <!-- com.dreamorbit.scripts.NavigationOnDrawerOptionsTest -->
