<?xml version="1.0" encoding="UTF-8"?>
<!-- Generated by org.testng.reporters.JUnitReportReporter -->
<testsuite skipped="0" hostname="dosysnet071" name="com.dreamorbit.scripts.ForgotPasswordCheck" tests="4" failures="0" timestamp="2019-11-14T18:14:32 IST" time="74.442" errors="0">
  <testcase name="ForgotPWDNavigationFlowCheck" time="8.499" classname="com.dreamorbit.scripts.ForgotPasswordCheck"/>
  <testcase name="forgotPasswordValid" time="28.337" classname="com.dreamorbit.scripts.ForgotPasswordCheck"/>
  <testcase name="forgotPasswordInValid" time="29.256" classname="com.dreamorbit.scripts.ForgotPasswordCheck"/>
  <testcase name="forgotPwdTologinNavigationChk" time="8.350" classname="com.dreamorbit.scripts.ForgotPasswordCheck"/>
</testsuite> <!-- com.dreamorbit.scripts.ForgotPasswordCheck -->
