<?xml version="1.0" encoding="UTF-8"?>
<!-- Generated by org.testng.reporters.JUnitReportReporter -->
<testsuite skipped="0" hostname="dosysnet071" name="com.dreamorbit.scripts.LogoutVerification" tests="1" failures="0" timestamp="2020-02-03T16:57:52 IST" time="44.700" errors="0">
  <testcase name="verifyLogout" time="44.700" classname="com.dreamorbit.scripts.LogoutVerification"/>
</testsuite> <!-- com.dreamorbit.scripts.LogoutVerification -->
