<?xml version="1.0" encoding="UTF-8"?>
<!-- Generated by org.testng.reporters.JUnitReportReporter -->
<testsuite skipped="0" hostname="dosysnet071" name="com.dreamorbit.scripts.TestNotification" tests="1" failures="0" timestamp="2020-02-03T16:57:52 IST" time="92.780" errors="0">
  <testcase name="setNotification" time="92.780" classname="com.dreamorbit.scripts.TestNotification"/>
</testsuite> <!-- com.dreamorbit.scripts.TestNotification -->
