<?xml version="1.0" encoding="UTF-8"?>
<!-- Generated by org.testng.reporters.JUnitReportReporter -->
<testsuite skipped="0" hostname="dosysnet071" name="com.dreamorbit.scripts.VerifyTokenToggleBTN" tests="1" failures="0" timestamp="2020-02-03T16:57:52 IST" time="32.067" errors="0">
  <testcase name="VerifyTokenCheck" time="32.067" classname="com.dreamorbit.scripts.VerifyTokenToggleBTN"/>
</testsuite> <!-- com.dreamorbit.scripts.VerifyTokenToggleBTN -->
