<?xml version="1.0" encoding="UTF-8"?>
<!-- Generated by org.testng.reporters.JUnitReportReporter -->
<testsuite skipped="0" hostname="dosysnet071" name="com.dreamorbit.scripts.DecryptParticipantsVerification" tests="1" failures="0" timestamp="2020-02-03T16:57:52 IST" time="20.447" errors="0">
  <testcase name="testDecryptParticipants" time="20.447" classname="com.dreamorbit.scripts.DecryptParticipantsVerification"/>
</testsuite> <!-- com.dreamorbit.scripts.DecryptParticipantsVerification -->
