<?xml version="1.0" encoding="UTF-8"?>
<!-- Generated by org.testng.reporters.JUnitReportReporter -->
<testsuite skipped="0" hostname="dosysnet071" name="com.dreamorbit.scripts.NavigationCheckOnDrawerOptions" tests="1" failures="0" timestamp="2019-11-14T18:14:32 IST" time="46.617" errors="0">
  <testcase name="navigationFlowCheck" time="46.617" classname="com.dreamorbit.scripts.NavigationCheckOnDrawerOptions"/>
</testsuite> <!-- com.dreamorbit.scripts.NavigationCheckOnDrawerOptions -->
