<?xml version="1.0" encoding="UTF-8"?>
<!-- Generated by org.testng.reporters.JUnitReportReporter -->
<testsuite skipped="0" hostname="LAPTOP-EL48BSP3" name="com.dreamorbit.scripts.TestResetPasswordValid" tests="1" failures="0" timestamp="09 Nov 2019 12:07:47 GMT" time="23.793" errors="0">
  <testcase name="rstpwdVerification" time="23.793" classname="com.dreamorbit.scripts.TestResetPasswordValid"/>
</testsuite> <!-- com.dreamorbit.scripts.TestResetPasswordValid -->
