<?xml version="1.0" encoding="UTF-8"?>
<!-- Generated by org.testng.reporters.JUnitReportReporter -->
<testsuite skipped="0" hostname="dosysnet071" name="com.dreamorbit.scripts.NotificationTest" tests="1" failures="0" timestamp="2020-02-10T15:50:52 IST" time="91.480" errors="0">
  <testcase name="setNotification" time="91.480" classname="com.dreamorbit.scripts.NotificationTest"/>
</testsuite> <!-- com.dreamorbit.scripts.NotificationTest -->
