<?xml version="1.0" encoding="UTF-8"?>
<!-- Generated by org.testng.reporters.JUnitReportReporter -->
<testsuite skipped="0" hostname="dosysnet071" name="com.dreamorbit.scripts.VerifyTokenToggleBTNTest" tests="1" failures="0" timestamp="2020-02-10T15:50:51 IST" time="30.709" errors="0">
  <testcase name="VerifyTokenCheck" time="30.709" classname="com.dreamorbit.scripts.VerifyTokenToggleBTNTest"/>
</testsuite> <!-- com.dreamorbit.scripts.VerifyTokenToggleBTNTest -->
