<?xml version="1.0" encoding="UTF-8"?>
<!-- Generated by org.testng.reporters.JUnitReportReporter -->
<testsuite skipped="0" hostname="dosysnet071" name="com.dreamorbit.scripts.ValidLoginTest" tests="1" failures="0" timestamp="2020-02-10T15:50:52 IST" time="12.231" errors="0">
  <testcase name="testValidlogin" time="12.231" classname="com.dreamorbit.scripts.ValidLoginTest"/>
</testsuite> <!-- com.dreamorbit.scripts.ValidLoginTest -->
