<?xml version="1.0" encoding="UTF-8"?>
<!-- Generated by org.testng.reporters.JUnitReportReporter -->
<testsuite skipped="0" hostname="dosysnet071" name="com.dreamorbit.scripts.LabelOptionsNavigationFlowCheck" tests="1" failures="0" timestamp="2019-11-11T11:46:22 IST" time="33.867" errors="0">
  <testcase name="totalParticipantNavigationCheck" time="33.867" classname="com.dreamorbit.scripts.LabelOptionsNavigationFlowCheck"/>
</testsuite> <!-- com.dreamorbit.scripts.LabelOptionsNavigationFlowCheck -->
