<?xml version="1.0" encoding="UTF-8"?>
<!-- Generated by org.testng.reporters.JUnitReportReporter -->
<testsuite skipped="0" hostname="dosysnet071" name="com.dreamorbit.scripts.LogoutVerification" tests="1" failures="0" timestamp="2019-11-11T16:08:38 IST" time="38.994" errors="0">
  <testcase name="verifyLogout" time="38.994" classname="com.dreamorbit.scripts.LogoutVerification"/>
</testsuite> <!-- com.dreamorbit.scripts.LogoutVerification -->
