<?xml version="1.0" encoding="UTF-8"?>
<!-- Generated by org.testng.reporters.JUnitReportReporter -->
<testsuite skipped="0" hostname="LAPTOP-EL48BSP3" name="com.dreamorbit.scripts.AddResearcherCheck" tests="1" failures="0" timestamp="10 Nov 2019 09:41:45 GMT" time="50.347" errors="0">
  <testcase name="AddResearcherCheckValid" time="50.347" classname="com.dreamorbit.scripts.AddResearcherCheck"/>
</testsuite> <!-- com.dreamorbit.scripts.AddResearcherCheck -->
