<?xml version="1.0" encoding="UTF-8"?>
<!-- Generated by org.testng.reporters.JUnitReportReporter -->
<testsuite skipped="0" hostname="dosysnet071" name="com.dreamorbit.scripts.PersonalInfoDecrypt" tests="1" failures="0" timestamp="2019-11-25T13:20:20 IST" time="39.638" errors="0">
  <testcase name="jsonDownloadCheck" time="39.638" classname="com.dreamorbit.scripts.PersonalInfoDecrypt"/>
</testsuite> <!-- com.dreamorbit.scripts.PersonalInfoDecrypt -->
