<?xml version="1.0" encoding="UTF-8"?>
<!-- Generated by org.testng.reporters.JUnitReportReporter -->
<testsuite skipped="0" hostname="dosysnet071" name="com.dreamorbit.scripts.TestSearchResearcher" tests="1" failures="0" timestamp="2020-02-03T16:57:52 IST" time="71.577" errors="0">
  <testcase name="searchResearcherValid" time="71.577" classname="com.dreamorbit.scripts.TestSearchResearcher"/>
</testsuite> <!-- com.dreamorbit.scripts.TestSearchResearcher -->
