<?xml version="1.0" encoding="UTF-8"?>
<!-- Generated by org.testng.reporters.JUnitReportReporter -->
<testsuite skipped="0" hostname="dosysnet071" name="com.dreamorbit.scripts.TestAuditRessearcher" tests="1" failures="0" timestamp="2019-11-25T15:19:14 IST" time="56.430" errors="0">
  <testcase name="auditRessearcherVerification" time="56.430" classname="com.dreamorbit.scripts.TestAuditRessearcher"/>
</testsuite> <!-- com.dreamorbit.scripts.TestAuditRessearcher -->
