<?xml version="1.0" encoding="UTF-8"?>
<!-- Generated by org.testng.reporters.JUnitReportReporter -->
<testsuite skipped="0" hostname="dosysnet071" name="com.dreamorbit.scripts.TestValidLogin" tests="1" failures="0" timestamp="2019-12-05T19:50:16 IST" time="17.592" errors="0">
  <testcase name="testValidlogin" time="17.592" classname="com.dreamorbit.scripts.TestValidLogin"/>
</testsuite> <!-- com.dreamorbit.scripts.TestValidLogin -->
