<?xml version="1.0" encoding="UTF-8"?>
<!-- Generated by org.testng.reporters.JUnitReportReporter -->
<testsuite skipped="0" hostname="dosysnet071" name="com.dreamorbit.scripts.JsonDownloadValidSkeyTest" tests="1" failures="0" timestamp="2020-02-10T15:50:51 IST" time="24.312" errors="0">
  <testcase name="jsonDownloadCheck" time="24.312" classname="com.dreamorbit.scripts.JsonDownloadValidSkeyTest"/>
</testsuite> <!-- com.dreamorbit.scripts.JsonDownloadValidSkeyTest -->
