<?xml version="1.0" encoding="UTF-8"?>
<!-- Generated by org.testng.reporters.JUnitReportReporter -->
<testsuite skipped="0" hostname="LAPTOP-EL48BSP3" name="com.dreamorbit.scripts.VerifyTokenToggleBTN" tests="1" failures="0" timestamp="10 Nov 2019 08:32:58 GMT" time="32.352" errors="0">
  <testcase name="VerifyTokenCheck" time="32.352" classname="com.dreamorbit.scripts.VerifyTokenToggleBTN"/>
</testsuite> <!-- com.dreamorbit.scripts.VerifyTokenToggleBTN -->
