<?xml version="1.0" encoding="UTF-8"?>
<!-- Generated by org.testng.reporters.JUnitReportReporter -->
<testsuite skipped="0" hostname="LAPTOP-EL48BSP3" name="com.dreamorbit.scripts.LabelOptionsNavigationFlowCheck" tests="1" failures="0" timestamp="10 Nov 2019 18:35:41 GMT" time="38.904" errors="0">
  <testcase name="totalParticipantNavigationCheck" time="38.904" classname="com.dreamorbit.scripts.LabelOptionsNavigationFlowCheck"/>
</testsuite> <!-- com.dreamorbit.scripts.LabelOptionsNavigationFlowCheck -->
