<?xml version="1.0" encoding="UTF-8"?>
<!-- Generated by org.testng.reporters.JUnitReportReporter -->
<testsuite skipped="0" hostname="dosysnet071" name="com.dreamorbit.scripts.AddResearcherTest" tests="2" failures="0" timestamp="2020-02-10T15:50:52 IST" time="111.673" errors="0">
  <testcase name="AddResearcherCheckValid" time="69.074" classname="com.dreamorbit.scripts.AddResearcherTest"/>
  <testcase name="AddResearcherCheckInValid" time="42.599" classname="com.dreamorbit.scripts.AddResearcherTest"/>
</testsuite> <!-- com.dreamorbit.scripts.AddResearcherTest -->
