<?xml version="1.0" encoding="UTF-8"?>
<!-- Generated by org.testng.reporters.JUnitReportReporter -->
<testsuite skipped="0" hostname="dosysnet071" name="com.dreamorbit.scripts.ReadJSONFile" tests="1" failures="0" timestamp="2019-12-17T12:17:46 IST" time="9.981" errors="0">
  <testcase name="readJSON" time="9.981" classname="com.dreamorbit.scripts.ReadJSONFile"/>
</testsuite> <!-- com.dreamorbit.scripts.ReadJSONFile -->
