<?xml version="1.0" encoding="UTF-8"?>
<!-- Generated by org.testng.reporters.JUnitReportReporter -->
<testsuite skipped="0" hostname="dosysnet071" name="com.dreamorbit.scripts.JsonDownloadValidSkey" tests="1" failures="0" timestamp="2019-11-04T19:23:25 IST" time="24.856" errors="0">
  <testcase name="jsonDownloadCheck" time="24.856" classname="com.dreamorbit.scripts.JsonDownloadValidSkey"/>
</testsuite> <!-- com.dreamorbit.scripts.JsonDownloadValidSkey -->
