<?xml version="1.0" encoding="UTF-8"?>
<!-- Generated by org.testng.reporters.JUnitReportReporter -->
<testsuite skipped="0" hostname="dosysnet071" name="com.dreamorbit.scripts.TestShowHidePassword" tests="1" failures="0" timestamp="2019-11-14T18:14:32 IST" time="8.559" errors="0">
  <testcase name="testShowHidePWD" time="8.559" classname="com.dreamorbit.scripts.TestShowHidePassword"/>
</testsuite> <!-- com.dreamorbit.scripts.TestShowHidePassword -->
