<?xml version="1.0" encoding="UTF-8"?>
<!-- Generated by org.testng.reporters.JUnitReportReporter -->
<testsuite skipped="0" hostname="dosysnet071" name="com.dreamorbit.scripts.ForgotPasswordCheck" tests="5" failures="0" timestamp="2020-02-03T16:57:52 IST" time="146.183" errors="0">
  <testcase name="ForgotPWDNavigationFlowCheck" time="9.598" classname="com.dreamorbit.scripts.ForgotPasswordCheck"/>
  <testcase name="forgotPasswordValid" time="30.194" classname="com.dreamorbit.scripts.ForgotPasswordCheck"/>
  <testcase name="forgotPasswordInValid" time="28.031" classname="com.dreamorbit.scripts.ForgotPasswordCheck"/>
  <testcase name="fPChkWithAttemptlimitExceeded" time="69.157" classname="com.dreamorbit.scripts.ForgotPasswordCheck"/>
  <testcase name="forgotPwdTologinNavigationChk" time="9.203" classname="com.dreamorbit.scripts.ForgotPasswordCheck"/>
</testsuite> <!-- com.dreamorbit.scripts.ForgotPasswordCheck -->
