<?xml version="1.0" encoding="UTF-8"?>
<!-- Generated by org.testng.reporters.JUnitReportReporter -->
<testsuite skipped="0" hostname="dosysnet071" name="com.dreamorbit.scripts.TestShowHidePassword" tests="1" failures="0" timestamp="2020-02-03T16:57:52 IST" time="9.252" errors="0">
  <testcase name="testShowHidePWD" time="9.252" classname="com.dreamorbit.scripts.TestShowHidePassword"/>
</testsuite> <!-- com.dreamorbit.scripts.TestShowHidePassword -->
