<?xml version="1.0" encoding="UTF-8"?>
<!-- Generated by org.testng.reporters.JUnitReportReporter -->
<testsuite skipped="0" hostname="dosysnet071" name="com.dreamorbit.scripts.ForgotPasswordTest" tests="5" failures="0" timestamp="2020-02-10T15:50:52 IST" time="163.264" errors="0">
  <testcase name="ForgotPWDNavigationFlowCheck" time="12.203" classname="com.dreamorbit.scripts.ForgotPasswordTest"/>
  <testcase name="forgotPasswordValid" time="33.149" classname="com.dreamorbit.scripts.ForgotPasswordTest"/>
  <testcase name="forgotPasswordInValid" time="34.064" classname="com.dreamorbit.scripts.ForgotPasswordTest"/>
  <testcase name="fPChkWithAttemptlimitExceeded" time="71.762" classname="com.dreamorbit.scripts.ForgotPasswordTest"/>
  <testcase name="forgotPwdTologinNavigationChk" time="12.086" classname="com.dreamorbit.scripts.ForgotPasswordTest"/>
</testsuite> <!-- com.dreamorbit.scripts.ForgotPasswordTest -->
