<?xml version="1.0" encoding="UTF-8"?>
<!-- Generated by org.testng.reporters.JUnitReportReporter -->
<testsuite skipped="0" hostname="dosysnet071" name="com.dreamorbit.scripts.TestNotification" tests="1" failures="0" timestamp="2019-12-05T19:50:16 IST" time="93.153" errors="0">
  <testcase name="setNotification" time="93.153" classname="com.dreamorbit.scripts.TestNotification"/>
</testsuite> <!-- com.dreamorbit.scripts.TestNotification -->
