<?xml version="1.0" encoding="UTF-8"?>
<!-- Generated by org.testng.reporters.JUnitReportReporter -->
<testsuite skipped="0" hostname="dosysnet071" name="com.dreamorbit.scripts.ParticipantsLinkNavigationCheck" tests="1" failures="0" timestamp="2019-11-12T21:49:27 IST" time="21.098" errors="0">
  <testcase name="testValidlogin" time="21.098" classname="com.dreamorbit.scripts.ParticipantsLinkNavigationCheck"/>
</testsuite> <!-- com.dreamorbit.scripts.ParticipantsLinkNavigationCheck -->
