<?xml version="1.0" encoding="UTF-8"?>
<!-- Generated by org.testng.reporters.JUnitReportReporter -->
<testsuite skipped="1" hostname="LAPTOP-EL48BSP3" name="com.dreamorbit.scripts.JsonDownloadInvalidSkey" tests="2" failures="0" timestamp="09 Nov 2019 14:46:38 GMT" time="54.588" errors="0">
  <testcase name="jsonDownloadIncorrectSkey" time="54.588" classname="com.dreamorbit.scripts.JsonDownloadInvalidSkey"/>
  <testcase name="jsonDownloadInvalidSkey" classname="com.dreamorbit.scripts.JsonDownloadInvalidSkey">
    <skipped/>
  </testcase> <!-- jsonDownloadInvalidSkey -->
</testsuite> <!-- com.dreamorbit.scripts.JsonDownloadInvalidSkey -->
