<?xml version="1.0" encoding="UTF-8"?>
<!-- Generated by org.testng.reporters.JUnitReportReporter -->
<testsuite skipped="3" hostname="LAPTOP-EL48BSP3" name="com.dreamorbit.scripts.ForgotPasswordCheck" tests="4" failures="0" timestamp="09 Nov 2019 18:42:55 GMT" time="16.581" errors="0">
  <testcase name="forgotPwdTologinNavigationChk" time="16.581" classname="com.dreamorbit.scripts.ForgotPasswordCheck"/>
  <testcase name="ForgotPWDNavigationFlowCheck" classname="com.dreamorbit.scripts.ForgotPasswordCheck">
    <skipped/>
  </testcase> <!-- ForgotPWDNavigationFlowCheck -->
  <testcase name="forgotPasswordInValid" classname="com.dreamorbit.scripts.ForgotPasswordCheck">
    <skipped/>
  </testcase> <!-- forgotPasswordInValid -->
  <testcase name="forgotPasswordValid" classname="com.dreamorbit.scripts.ForgotPasswordCheck">
    <skipped/>
  </testcase> <!-- forgotPasswordValid -->
</testsuite> <!-- com.dreamorbit.scripts.ForgotPasswordCheck -->
