<?xml version="1.0" encoding="UTF-8"?>
<!-- Generated by org.testng.reporters.JUnitReportReporter -->
<testsuite skipped="1" hostname="dosysnet071" name="com.dreamorbit.scripts.JsonDownloadInvalidSkey" tests="2" failures="0" timestamp="2019-11-08T18:25:10 IST" time="36.966" errors="0">
  <testcase name="jsonDownloadIncorrectSkey" time="36.966" classname="com.dreamorbit.scripts.JsonDownloadInvalidSkey"/>
  <testcase name="jsonDownloadInvalidSkey" classname="com.dreamorbit.scripts.JsonDownloadInvalidSkey">
    <skipped/>
  </testcase> <!-- jsonDownloadInvalidSkey -->
</testsuite> <!-- com.dreamorbit.scripts.JsonDownloadInvalidSkey -->
