<?xml version="1.0" encoding="UTF-8"?>
<!-- Generated by org.testng.reporters.JUnitReportReporter -->
<testsuite skipped="0" hostname="dosysnet071" name="com.dreamorbit.scripts.ForgotPasswordCheck" tests="5" failures="0" timestamp="2019-12-05T19:50:16 IST" time="148.450" errors="0">
  <testcase name="ForgotPWDNavigationFlowCheck" time="9.192" classname="com.dreamorbit.scripts.ForgotPasswordCheck"/>
  <testcase name="forgotPasswordValid" time="30.616" classname="com.dreamorbit.scripts.ForgotPasswordCheck"/>
  <testcase name="forgotPasswordInValid" time="29.945" classname="com.dreamorbit.scripts.ForgotPasswordCheck"/>
  <testcase name="fPChkWithAttemptlimitExceeded" time="69.457" classname="com.dreamorbit.scripts.ForgotPasswordCheck"/>
  <testcase name="forgotPwdTologinNavigationChk" time="9.240" classname="com.dreamorbit.scripts.ForgotPasswordCheck"/>
</testsuite> <!-- com.dreamorbit.scripts.ForgotPasswordCheck -->
